Arguments: 
  C:\Program Files\nodejs\node.exe C:\Program Files (x86)\Yarn\bin\yarn.js install

PATH: 
  C:\Windows\system32;C:\Windows;C:\Windows\System32\Wbem;C:\Windows\System32\WindowsPowerShell\v1.0\;C:\Program Files (x86)\NVIDIA Corporation\PhysX\Common;C:\Program Files\Intel\WiFi\bin\;C:\Program Files\Common Files\Intel\WirelessCommon\;C:\WINDOWS\system32;C:\WINDOWS;C:\WINDOWS\System32\Wbem;C:\WINDOWS\System32\WindowsPowerShell\v1.0\;C:\Program Files\nodejs\;C:\Program Files (x86)\Yarn\bin;C:\Program Files\Microsoft SQL Server\130\Tools\Binn\;C:\Program Files\dotnet\;C:\Program Files (x86)\Git\cmd;C:\Program Files (x86)\SMLNJ\bin\;C:\Users\Uncle Liu\AppData\Local\Programs\Python\Python36\Scripts\;C:\Users\Uncle Liu\AppData\Local\Programs\Python\Python36\;C:\Users\Uncle Liu\AppData\Local\Microsoft\WindowsApps;C:\Users\Uncle Liu\AppData\Roaming\npm;C:\Users\Uncle Liu\AppData\Local\Yarn\.bin;C:\Users\Uncle Liu\AppData\Local\atom\bin;C:\Users\Uncle Liu\AppData\Local\GitHubDesktop\bin;%USERPROFILE%\AppData\Local\Microsoft\WindowsApps;

Yarn version: 
  0.23.2

Node version: 
  7.9.0

Platform: 
  win32 x64

npm manifest: 
  {
    "scripts": {
      "dev": "nodemon app.js"
    },
    "dependencies": {
      "body-parser": "^1.17.2",
      "cookie-session": "^2.0.0-beta.2",
      "cors": "^2.8.3",
      "express": "^4.15.3",
      "multer": "^1.3.0",
      "nunjucks": "^3.0.1"
    },
    "devDependencies": {
      "nodemon": "^1.11.0"
    }
  }

yarn manifest: 
  No manifest

Lockfile: 
  No lockfile

Trace: 
  Error: getaddrinfo EAI_AGAIN registry.yarnpkg.com:443
      at Object.exports._errnoException (utils.js:1050:11)
      at errnoException (dns.js:33:15)
      at GetAddrInfoReqWrap.onlookup [as oncomplete] (dns.js:73:26)
